#
# A fatal error has been detected by the Java Runtime Environment:
#
#  SIGSEGV (0xb) at pc=0x0000000111498624, pid=61308, tid=0x0000000000002703
#
# JRE version: Java(TM) SE Runtime Environment (8.0_131-b11) (build 1.8.0_131-b11)
# Java VM: Java HotSpot(TM) 64-Bit Server VM (25.131-b11 mixed mode bsd-amd64 compressed oops)
# Problematic frame:
# J 1579 C1 sun.invoke.util.BytecodeDescriptor.unparseSig(Ljava/lang/Class;Ljava/lang/StringBuilder;)V (75 bytes) @ 0x0000000111498624 [0x00000001114975c0+0x1064]
#
# Failed to write core dump. Core dumps have been disabled. To enable core dumping, try "ulimit -c unlimited" before starting Java again
#
# If you would like to submit a bug report, please visit:
#   http://bugreport.java.com/bugreport/crash.jsp
#

---------------  T H R E A D  ---------------

Current thread (0x00007fe2eb801000):  JavaThread "main" [_thread_in_Java, id=9987, stack(0x000070000504a000,0x000070000514a000)]

siginfo: si_signo: 11 (SIGSEGV), si_code: 1 (SEGV_MAPERR), si_addr: 0x0000000000084071

Registers:
RAX=0x0000000798103b08, RBX=0x0000000000000019, RCX=0x0000000000000019, RDX=0x0000000798103b08
RSP=0x0000700005144210, RBP=0x00007000051443c8, RSI=0x00000001205d1f48, RDI=0x0000000000084071
R8 =0x00000000f302077d, R9 =0x00000000f3020771, R10=0x0000000798103b08, R11=0x000000000000001b
R12=0x0000000000000000, R13=0x0000000798103bd0, R14=0x0000000000000019, R15=0x00007fe2eb801000
RIP=0x0000000111498624, EFLAGS=0x0000000000010216, ERR=0x0000000000000004
  TRAPNO=0x000000000000000e

Top of Stack: (sp=0x0000700005144210)
0x0000700005144210:   0000700005144228 0000700005144278
0x0000700005144220:   0000000110e8f2bd 0000000798103ad8
0x0000700005144230:   0000000798103b68 0000700005144238
0x0000700005144240:   0000000120531ba2 0000700005144298
0x0000700005144250:   0000000120531c40 0000000000000000
0x0000700005144260:   0000000120531bb0 0000000000000000
0x0000700005144270:   0000700005144288 00007000051442e8
0x0000700005144280:   0000000110e8f2bd 0000000000000000
0x0000700005144290:   0000000798103ad8 0000000798103b68
0x00007000051442a0:   00007000051443c8 000000011145a63c
0x00007000051442b0:   000000012034d6ae 00007000051442f8
0x00007000051442c0:   000000012034f828 0000000000000000
0x00007000051442d0:   000000012034d6c0 0000000000000000
0x00007000051442e0:   00007000051443c8 0000000798103b68
0x00007000051442f0:   0000000100000000 000000074038c3b8
0x0000700005144300:   0000000798103b08 0000000120287778
0x0000700005144310:   0000000000000000 0000700005144398
0x0000700005144320:   00000001051443c8 000000011145930c
0x0000700005144330:   0000700005144380 0000000798103b08
0x0000700005144340:   0000000798103b50 0000000108b63000
0x0000700005144350:   0000000000000006 0000000798100a70
0x0000700005144360:   00007000051443c8 0000000110e8f2bd
0x0000700005144370:   0000000110e8f2bd 0000000798103b08
0x0000700005144380:   000000074038c3b8 0000700005144388
0x0000700005144390:   00000001277738cd 00007000051443f8
0x00007000051443a0:   0000000127773a38 0000000000000000
0x00007000051443b0:   00000001277738f8 0000700005144378
0x00007000051443c0:   00007000051443f0 0000700005144440
0x00007000051443d0:   0000000110e8f040 000000074038c3b8
0x00007000051443e0:   0000000798103b50 0000000798103b08
0x00007000051443f0:   0000000798103af0 00000007402a8e30
0x0000700005144400:   0000700005144400 0000000127773750 

Instructions: (pc=0x0000000111498624)
0x0000000111498604:   83 87 08 01 00 00 01 48 be 48 1f 5d 20 01 00 00
0x0000000111498614:   00 8b be dc 00 00 00 83 c7 08 89 be dc 00 00 00
0x0000000111498624:   48 ae d8 c7 2f 20 01 00 00 00 81 e7 f8 ff 7f 00
0x0000000111498634:   83 ff 00 0f 84 16 05 00 00 8b 72 0c ff c6 48 8b 

Register to memory mapping:

RAX=0x0000000798103b08 is an oop
java.lang.StringBuilder 
 - klass: 'java/lang/StringBuilder'
RBX=0x0000000000000019 is an unknown value
RCX=0x0000000000000019 is an unknown value
RDX=0x0000000798103b08 is an oop
java.lang.StringBuilder 
 - klass: 'java/lang/StringBuilder'
RSP=0x0000700005144210 is pointing into the stack for thread: 0x00007fe2eb801000
RBP=0x00007000051443c8 is pointing into the stack for thread: 0x00007fe2eb801000
RSI=0x00000001205d1f48 is pointing into metadata
RDI=0x0000000000084071 is an unknown value
R8 =0x00000000f302077d is an unknown value
R9 =0x00000000f3020771 is an unknown value
R10=0x0000000798103b08 is an oop
java.lang.StringBuilder 
 - klass: 'java/lang/StringBuilder'
R11=0x000000000000001b is an unknown value
R12=0x0000000000000000 is an unknown value
R13=0x0000000798103bd0 is an oop
java.lang.String 
 - klass: 'java/lang/String'
R14=0x0000000000000019 is an unknown value
R15=0x00007fe2eb801000 is a thread


Stack: [0x000070000504a000,0x000070000514a000],  sp=0x0000700005144210,  free space=1000k
Native frames: (J=compiled Java code, j=interpreted, Vv=VM code, C=native code)
J 1579 C1 sun.invoke.util.BytecodeDescriptor.unparseSig(Ljava/lang/Class;Ljava/lang/StringBuilder;)V (75 bytes) @ 0x0000000111498624 [0x00000001114975c0+0x1064]
j  sun.invoke.util.BytecodeDescriptor.unparseMethod(Ljava/lang/Class;Ljava/util/List;)Ljava/lang/String;+45
j  sun.invoke.util.BytecodeDescriptor.unparse(Ljava/lang/invoke/MethodType;)Ljava/lang/String;+8
j  java.lang.invoke.MethodType.toMethodDescriptorString()Ljava/lang/String;+10
j  java.lang.invoke.InnerClassLambdaMetafactory.<init>(Ljava/lang/invoke/MethodHandles$Lookup;Ljava/lang/invoke/MethodType;Ljava/lang/String;Ljava/lang/invoke/MethodType;Ljava/lang/invoke/MethodHandle;Ljava/lang/invoke/MethodType;Z[Ljava/lang/Class;[Ljava/lang/invoke/MethodType;)V+55
j  java.lang.invoke.LambdaMetafactory.metafactory(Ljava/lang/invoke/MethodHandles$Lookup;Ljava/lang/String;Ljava/lang/invoke/MethodType;Ljava/lang/invoke/MethodType;Ljava/lang/invoke/MethodHandle;Ljava/lang/invoke/MethodType;)Ljava/lang/invoke/CallSite;+19
j  java.lang.invoke.LambdaForm$DMH.invokeStatic_L6_L(Ljava/lang/Object;Ljava/lang/Object;Ljava/lang/Object;Ljava/lang/Object;Ljava/lang/Object;Ljava/lang/Object;Ljava/lang/Object;)Ljava/lang/Object;+20
j  java.lang.invoke.LambdaForm$BMH.reinvoke(Ljava/lang/Object;Ljava/lang/Object;Ljava/lang/Object;Ljava/lang/Object;Ljava/lang/Object;Ljava/lang/Object;Ljava/lang/Object;)Ljava/lang/Object;+79
j  java.lang.invoke.LambdaForm$MH.invoke_MT(Ljava/lang/Object;Ljava/lang/Object;Ljava/lang/Object;Ljava/lang/Object;Ljava/lang/Object;Ljava/lang/Object;Ljava/lang/Object;Ljava/lang/Object;)Ljava/lang/Object;+30
j  java.lang.invoke.CallSite.makeSite(Ljava/lang/invoke/MethodHandle;Ljava/lang/String;Ljava/lang/invoke/MethodType;Ljava/lang/Object;Ljava/lang/Class;)Ljava/lang/invoke/CallSite;+184
j  java.lang.invoke.MethodHandleNatives.linkCallSiteImpl(Ljava/lang/Class;Ljava/lang/invoke/MethodHandle;Ljava/lang/String;Ljava/lang/invoke/MethodType;Ljava/lang/Object;[Ljava/lang/Object;)Ljava/lang/invoke/MemberName;+6
j  java.lang.invoke.MethodHandleNatives.linkCallSite(Ljava/lang/Object;Ljava/lang/Object;Ljava/lang/Object;Ljava/lang/Object;Ljava/lang/Object;[Ljava/lang/Object;)Ljava/lang/invoke/MemberName;+45
v  ~StubRoutines::call_stub
V  [libjvm.dylib+0x2ee5b6]
V  [libjvm.dylib+0x2ee7b1]
V  [libjvm.dylib+0x539365]
V  [libjvm.dylib+0x3ccc48]
V  [libjvm.dylib+0x3cd095]
V  [libjvm.dylib+0x3cf96c]
V  [libjvm.dylib+0x2e81ed]
j  java.io.ObjectInputStream.<clinit>()V+150
v  ~StubRoutines::call_stub
V  [libjvm.dylib+0x2ee5b6]
V  [libjvm.dylib+0x2c116d]
V  [libjvm.dylib+0x2c27d1]
V  [libjvm.dylib+0x2c2a67]
V  [libjvm.dylib+0x2c260f]
V  [libjvm.dylib+0x2c2a67]
V  [libjvm.dylib+0x2ea008]
j  org.gradle.internal.serialize.DefaultSerializer.read(Lorg/gradle/internal/serialize/Decoder;)Ljava/lang/Object;+0
j  org.gradle.api.internal.artifacts.ivyservice.modulecache.ModuleDescriptorCacheEntrySerializer.read(Lorg/gradle/internal/serialize/Decoder;)Lorg/gradle/api/internal/artifacts/ivyservice/modulecache/ModuleDescriptorCacheEntry;+150
j  org.gradle.api.internal.artifacts.ivyservice.modulecache.ModuleDescriptorCacheEntrySerializer.read(Lorg/gradle/internal/serialize/Decoder;)Ljava/lang/Object;+2
j  org.gradle.cache.internal.btree.BTreePersistentIndexedCache$DataBlock.getValue()Ljava/lang/Object;+33
j  org.gradle.cache.internal.btree.BTreePersistentIndexedCache.get(Ljava/lang/Object;)Ljava/lang/Object;+17
j  org.gradle.cache.internal.DefaultMultiProcessSafePersistentIndexedCache$1.create()Ljava/lang/Object;+8
j  org.gradle.cache.internal.DefaultFileLockManager$DefaultFileLock.readFile(Lorg/gradle/internal/Factory;)Ljava/lang/Object;+5
j  org.gradle.cache.internal.DefaultCacheAccess$UnitOfWorkFileAccess.readFile(Lorg/gradle/internal/Factory;)Ljava/lang/Object;+8
j  org.gradle.cache.internal.DefaultMultiProcessSafePersistentIndexedCache.get(Ljava/lang/Object;)Ljava/lang/Object;+19
j  org.gradle.api.internal.artifacts.ivyservice.modulecache.DefaultModuleMetaDataCache.getCachedModuleDescriptor(Lorg/gradle/api/internal/artifacts/ivyservice/ivyresolve/ModuleComponentRepository;Lorg/gradle/api/artifacts/component/ModuleComponentIdentifier;)Lorg/gradle/api/internal/artifacts/ivyservice/modulecache/ModuleMetaDataCache$CachedMetaData;+10
j  org.gradle.api.internal.artifacts.ivyservice.ivyresolve.CachingModuleComponentRepository$LocateInCacheRepositoryAccess.resolveComponentMetaDataFromCache(Lorg/gradle/api/artifacts/component/ModuleComponentIdentifier;Lorg/gradle/internal/component/model/ComponentOverrideMetadata;Lorg/gradle/internal/resolve/result/BuildableModuleComponentMetaDataResolveResult;)V+15
j  org.gradle.api.internal.artifacts.ivyservice.ivyresolve.CachingModuleComponentRepository$LocateInCacheRepositoryAccess.resolveComponentMetaData(Lorg/gradle/api/artifacts/component/ModuleComponentIdentifier;Lorg/gradle/internal/component/model/ComponentOverrideMetadata;Lorg/gradle/internal/resolve/result/BuildableModuleComponentMetaDataResolveResult;)V+34
j  org.gradle.api.internal.artifacts.ivyservice.ivyresolve.BaseModuleComponentRepositoryAccess.resolveComponentMetaData(Lorg/gradle/api/artifacts/component/ModuleComponentIdentifier;Lorg/gradle/internal/component/model/ComponentOverrideMetadata;Lorg/gradle/internal/resolve/result/BuildableModuleComponentMetaDataResolveResult;)V+7
j  org.gradle.api.internal.artifacts.ivyservice.ivyresolve.memcache.InMemoryCachedModuleComponentRepository$CachedAccess.resolveComponentMetaData(Lorg/gradle/api/artifacts/component/ModuleComponentIdentifier;Lorg/gradle/internal/component/model/ComponentOverrideMetadata;Lorg/gradle/internal/resolve/result/BuildableModuleComponentMetaDataResolveResult;)V+16
j  org.gradle.api.internal.artifacts.ivyservice.ivyresolve.ErrorHandlingModuleComponentRepository$ErrorHandlingModuleComponentRepositoryAccess.resolveComponentMetaData(Lorg/gradle/api/artifacts/component/ModuleComponentIdentifier;Lorg/gradle/internal/component/model/ComponentOverrideMetadata;Lorg/gradle/internal/resolve/result/BuildableModuleComponentMetaDataResolveResult;)V+7
j  org.gradle.api.internal.artifacts.ivyservice.ivyresolve.ComponentMetaDataResolveState.process(Lorg/gradle/api/internal/artifacts/ivyservice/ivyresolve/ModuleComponentRepositoryAccess;)V+13
j  org.gradle.api.internal.artifacts.ivyservice.ivyresolve.ComponentMetaDataResolveState.resolve()Lorg/gradle/internal/resolve/result/BuildableModuleComponentMetaDataResolveResult;+22
j  org.gradle.api.internal.artifacts.ivyservice.ivyresolve.RepositoryChainComponentMetaDataResolver.findBestMatch(Ljava/util/LinkedList;Ljava/util/Collection;Ljava/util/Collection;)Lorg/gradle/api/internal/artifacts/ivyservice/ivyresolve/RepositoryChainModuleResolution;+21
j  org.gradle.api.internal.artifacts.ivyservice.ivyresolve.RepositoryChainComponentMetaDataResolver.findBestMatch(Ljava/util/List;Ljava/util/Collection;)Lorg/gradle/api/internal/artifacts/ivyservice/ivyresolve/RepositoryChainModuleResolution;+28
j  org.gradle.api.internal.artifacts.ivyservice.ivyresolve.RepositoryChainComponentMetaDataResolver.resolveModule(Lorg/gradle/api/artifacts/component/ModuleComponentIdentifier;Lorg/gradle/internal/component/model/ComponentOverrideMetadata;Lorg/gradle/internal/resolve/result/BuildableComponentResolveResult;)V+97
j  org.gradle.api.internal.artifacts.ivyservice.ivyresolve.RepositoryChainComponentMetaDataResolver.resolve(Lorg/gradle/api/artifacts/component/ComponentIdentifier;Lorg/gradle/internal/component/model/ComponentOverrideMetadata;Lorg/gradle/internal/resolve/result/BuildableComponentResolveResult;)V+24
j  org.gradle.api.internal.artifacts.ivyservice.resolveengine.ComponentResolversChain$ComponentMetaDataResolverChain.resolve(Lorg/gradle/api/artifacts/component/ComponentIdentifier;Lorg/gradle/internal/component/model/ComponentOverrideMetadata;Lorg/gradle/internal/resolve/result/BuildableComponentResolveResult;)V+48
j  org.gradle.api.internal.artifacts.ivyservice.clientmodule.ClientModuleResolver.resolve(Lorg/gradle/api/artifacts/component/ComponentIdentifier;Lorg/gradle/internal/component/model/ComponentOverrideMetadata;Lorg/gradle/internal/resolve/result/BuildableComponentResolveResult;)V+7
j  org.gradle.api.internal.artifacts.ivyservice.resolveengine.graph.DependencyGraphBuilder$ModuleVersionResolveState.resolve()V+92
j  org.gradle.api.internal.artifacts.ivyservice.resolveengine.graph.DependencyGraphBuilder$ModuleVersionResolveState.getMetaData()Lorg/gradle/internal/component/model/ComponentResolveMetaData;+8
j  org.gradle.api.internal.artifacts.ivyservice.resolveengine.graph.DependencyGraphBuilder$DependencyEdge.calculateTargetConfigurations()V+13
j  org.gradle.api.internal.artifacts.ivyservice.resolveengine.graph.DependencyGraphBuilder$DependencyEdge.attachToTargetConfigurations()V+15
j  org.gradle.api.internal.artifacts.ivyservice.resolveengine.graph.DependencyGraphBuilder.traverseGraph(Lorg/gradle/api/internal/artifacts/ivyservice/resolveengine/graph/DependencyGraphBuilder$ResolveState;Lorg/gradle/api/internal/artifacts/ivyservice/resolveengine/graph/conflicts/ConflictHandler;)V+229
j  org.gradle.api.internal.artifacts.ivyservice.resolveengine.graph.DependencyGraphBuilder.resolve(Lorg/gradle/api/internal/artifacts/ResolveContext;Lorg/gradle/api/internal/artifacts/ivyservice/resolveengine/graph/DependencyGraphVisitor;)V+79
j  org.gradle.api.internal.artifacts.ivyservice.resolveengine.DefaultArtifactDependencyResolver$1.execute(Lorg/apache/ivy/Ivy;)V+135
j  org.gradle.api.internal.artifacts.ivyservice.resolveengine.DefaultArtifactDependencyResolver$1.execute(Ljava/lang/Object;)V+5
j  org.gradle.internal.Transformers$4.transform(Ljava/lang/Object;)Ljava/lang/Object;+5
j  org.gradle.api.internal.artifacts.ivyservice.DefaultIvyContextManager.withIvy(Lorg/gradle/api/Transformer;)Ljava/lang/Object;+96
j  org.gradle.api.internal.artifacts.ivyservice.DefaultIvyContextManager.withIvy(Lorg/gradle/api/Action;)V+5
j  org.gradle.api.internal.artifacts.ivyservice.resolveengine.DefaultArtifactDependencyResolver.resolve(Lorg/gradle/api/internal/artifacts/ResolveContext;Ljava/util/List;Lorg/gradle/api/internal/artifacts/GlobalDependencyResolutionRules;Lorg/gradle/api/internal/artifacts/ivyservice/resolveengine/graph/DependencyGraphVisitor;Lorg/gradle/api/internal/artifacts/ivyservice/resolveengine/artifact/DependencyArtifactsVisitor;)V+19
j  org.gradle.api.internal.artifacts.ivyservice.CacheLockingArtifactDependencyResolver$1.run()V+27
j  org.gradle.internal.Factories$1.create()Ljava/lang/Object;+4
j  org.gradle.cache.internal.DefaultCacheAccess.useCache(Ljava/lang/String;Lorg/gradle/internal/Factory;)Ljava/lang/Object;+80
j  org.gradle.cache.internal.DefaultCacheAccess.useCache(Ljava/lang/String;Ljava/lang/Runnable;)V+6
j  org.gradle.cache.internal.DefaultPersistentDirectoryStore.useCache(Ljava/lang/String;Ljava/lang/Runnable;)V+6
j  org.gradle.cache.internal.DefaultCacheFactory$ReferenceTrackingCache.useCache(Ljava/lang/String;Ljava/lang/Runnable;)V+9
j  org.gradle.api.internal.artifacts.ivyservice.DefaultCacheLockingManager.useCache(Ljava/lang/String;Ljava/lang/Runnable;)V+6
j  org.gradle.api.internal.artifacts.ivyservice.CacheLockingArtifactDependencyResolver.resolve(Lorg/gradle/api/internal/artifacts/ResolveContext;Ljava/util/List;Lorg/gradle/api/internal/artifacts/GlobalDependencyResolutionRules;Lorg/gradle/api/internal/artifacts/ivyservice/resolveengine/graph/DependencyGraphVisitor;Lorg/gradle/api/internal/artifacts/ivyservice/resolveengine/artifact/DependencyArtifactsVisitor;)V+38
j  org.gradle.api.internal.artifacts.ivyservice.DefaultConfigurationResolver.resolve(Lorg/gradle/api/internal/artifacts/configurations/ConfigurationInternal;Lorg/gradle/api/internal/artifacts/ResolverResults;)V+216
j  org.gradle.api.internal.artifacts.ivyservice.SelfResolvingDependencyConfigurationResolver.resolve(Lorg/gradle/api/internal/artifacts/configurations/ConfigurationInternal;Lorg/gradle/api/internal/artifacts/ResolverResults;)V+6
j  org.gradle.api.internal.artifacts.ivyservice.ShortCircuitEmptyConfigurationResolver.resolve(Lorg/gradle/api/internal/artifacts/configurations/ConfigurationInternal;Lorg/gradle/api/internal/artifacts/ResolverResults;)V+90
j  org.gradle.api.internal.artifacts.ivyservice.ErrorHandlingConfigurationResolver.resolve(Lorg/gradle/api/internal/artifacts/configurations/ConfigurationInternal;Lorg/gradle/api/internal/artifacts/ResolverResults;)V+6
j  org.gradle.api.internal.artifacts.configurations.DefaultConfiguration.resolveGraphIfRequired(Lorg/gradle/api/internal/artifacts/configurations/ConfigurationInternal$InternalState;)V+93
j  org.gradle.api.internal.artifacts.configurations.DefaultConfiguration.resolveNow(Lorg/gradle/api/internal/artifacts/configurations/ConfigurationInternal$InternalState;)V+23
j  org.gradle.api.internal.artifacts.configurations.DefaultConfiguration.getResolvedConfiguration()Lorg/gradle/api/artifacts/ResolvedConfiguration;+4
j  org.gradle.api.internal.artifacts.configurations.DefaultConfiguration_Decorated.getResolvedConfiguration()Lorg/gradle/api/artifacts/ResolvedConfiguration;+7
j  org.gradle.api.internal.artifacts.configurations.DefaultConfiguration$ConfigurationFileCollection.getFiles()Ljava/util/Set;+14
j  org.gradle.api.internal.artifacts.configurations.DefaultConfiguration.getFiles()Ljava/util/Set;+7
j  org.gradle.api.internal.artifacts.configurations.DefaultConfiguration_Decorated.getFiles()Ljava/util/Set;+7
j  org.gradle.api.internal.initialization.DefaultScriptHandler.getScriptClassPath()Lorg/gradle/internal/classpath/ClassPath;+27
j  org.gradle.plugin.use.internal.DefaultPluginRequestApplicator.defineScriptHandlerClassScope(Lorg/gradle/api/internal/initialization/ScriptHandlerInternal;Lorg/gradle/api/internal/initialization/ClassLoaderScope;Ljava/lang/Iterable;)V+1
j  org.gradle.plugin.use.internal.DefaultPluginRequestApplicator.applyPlugins(Lorg/gradle/plugin/use/internal/PluginRequests;Lorg/gradle/api/internal/initialization/ScriptHandlerInternal;Lorg/gradle/api/internal/plugins/PluginManagerInternal;Lorg/gradle/api/internal/initialization/ClassLoaderScope;)V+16
j  org.gradle.configuration.DefaultScriptPluginFactory$ScriptPluginImpl.apply(Ljava/lang/Object;)V+361
j  org.gradle.configuration.project.BuildScriptProcessor.execute(Lorg/gradle/api/internal/project/ProjectInternal;)V+67
j  org.gradle.configuration.project.BuildScriptProcessor.execute(Ljava/lang/Object;)V+5
j  org.gradle.configuration.project.ConfigureActionsProjectEvaluator.evaluate(Lorg/gradle/api/internal/project/ProjectInternal;Lorg/gradle/api/internal/project/ProjectStateInternal;)V+33
j  org.gradle.configuration.project.LifecycleProjectEvaluator.evaluate(Lorg/gradle/api/internal/project/ProjectInternal;Lorg/gradle/api/internal/project/ProjectStateInternal;)V+54
j  org.gradle.api.internal.project.AbstractProject.evaluate()Lorg/gradle/api/internal/project/AbstractProject;+9
j  org.gradle.api.internal.project.AbstractProject.evaluate()Lorg/gradle/api/Project;+1
j  org.gradle.execution.TaskPathProjectEvaluator.configureHierarchy(Lorg/gradle/api/internal/project/ProjectInternal;)V+21
j  org.gradle.configuration.DefaultBuildConfigurer.configure(Lorg/gradle/api/internal/GradleInternal;)V+50
j  org.gradle.initialization.DefaultGradleLauncher$2.run()V+14
j  org.gradle.internal.Factories$1.create()Ljava/lang/Object;+4
j  org.gradle.internal.progress.DefaultBuildOperationExecutor.run(Lorg/gradle/internal/progress/BuildOperationDetails;Lorg/gradle/internal/Factory;)Ljava/lang/Object;+171
j  org.gradle.internal.progress.DefaultBuildOperationExecutor.run(Ljava/lang/String;Ljava/lang/Runnable;)V+12
j  org.gradle.initialization.DefaultGradleLauncher.doBuildStages(Lorg/gradle/initialization/DefaultGradleLauncher$Stage;)V+39
...<more frames>...


---------------  P R O C E S S  ---------------

Java Threads: ( => current thread )
  0x00007fe2edb3c800 JavaThread "File lock request listener" [_thread_in_native, id=43011, stack(0x0000700006486000,0x0000700006586000)]
  0x00007fe2efa25800 JavaThread "process reaper" daemon [_thread_blocked, id=3847, stack(0x0000700004f44000,0x0000700004f6c000)]
  0x00007fe2eb31c000 JavaThread "pool-1-thread-1" [_thread_blocked, id=21763, stack(0x0000700006383000,0x0000700006483000)]
  0x00007fe2ea837000 JavaThread "Service Thread" daemon [_thread_blocked, id=15875, stack(0x000070000617d000,0x000070000627d000)]
  0x00007fe2eb050000 JavaThread "C1 CompilerThread3" daemon [_thread_blocked, id=16131, stack(0x000070000607a000,0x000070000617a000)]
  0x00007fe2ed000000 JavaThread "C2 CompilerThread2" daemon [_thread_in_native, id=16387, stack(0x0000700005f77000,0x0000700006077000)]
  0x00007fe2eb83b000 JavaThread "C2 CompilerThread1" daemon [_thread_in_native, id=16899, stack(0x0000700005e74000,0x0000700005f74000)]
  0x00007fe2eb832000 JavaThread "C2 CompilerThread0" daemon [_thread_in_native, id=14083, stack(0x0000700005d71000,0x0000700005e71000)]
  0x00007fe2eb831800 JavaThread "Signal Dispatcher" daemon [_thread_blocked, id=17155, stack(0x0000700005c6e000,0x0000700005d6e000)]
  0x00007fe2ea824000 JavaThread "Finalizer" daemon [_thread_blocked, id=18691, stack(0x0000700005b6b000,0x0000700005c6b000)]
  0x00007fe2eb82e800 JavaThread "Reference Handler" daemon [_thread_blocked, id=12291, stack(0x0000700005a68000,0x0000700005b68000)]
=>0x00007fe2eb801000 JavaThread "main" [_thread_in_Java, id=9987, stack(0x000070000504a000,0x000070000514a000)]

Other Threads:
  0x00007fe2ea81d800 VMThread [stack: 0x0000700005965000,0x0000700005a65000] [id=11779]
  0x00007fe2ea83c000 WatcherThread [stack: 0x0000700006280000,0x0000700006380000] [id=15363]

VM state:not at safepoint (normal execution)

VM Mutex/Monitor currently owned by a thread: None

Heap:
 PSYoungGen      total 71680K, used 44866K [0x0000000795580000, 0x000000079ec80000, 0x00000007c0000000)
  eden space 66560K, 67% used [0x0000000795580000,0x00000007981508c0,0x0000000799680000)
  from space 5120K, 0% used [0x0000000799680000,0x0000000799680000,0x0000000799b80000)
  to   space 10752K, 0% used [0x000000079e200000,0x000000079e200000,0x000000079ec80000)
 ParOldGen       total 52736K, used 7541K [0x0000000740000000, 0x0000000743380000, 0x0000000795580000)
  object space 52736K, 14% used [0x0000000740000000,0x000000074075d6e0,0x0000000743380000)
 Metaspace       used 24916K, capacity 25274K, committed 25472K, reserved 1071104K
  class space    used 3516K, capacity 3661K, committed 3712K, reserved 1048576K

Card table byte_map: [0x000000010c563000,0x000000010c964000] byte_map_base: 0x0000000108b63000

Marking Bits: (ParMarkBitMap*) 0x000000010baf1ea0
 Begin Bits: [0x000000010cc0f000, 0x000000010ec0f000)
 End Bits:   [0x000000010ec0f000, 0x0000000110c0f000)

Polling page: 0x000000010a153000

CodeCache: size=245760Kb used=6813Kb max_used=6867Kb free=238946Kb
 bounds [0x0000000110e87000, 0x0000000111547000, 0x000000011fe87000]
 total_blobs=2346 nmethods=1730 adapters=529
 compilation: enabled

Compilation events (10 events):
Event: 6.587 Thread 0x00007fe2eb050000 1732       3       java.io.BufferedInputStream::read1 (108 bytes)
Event: 6.588 Thread 0x00007fe2eb050000 nmethod 1732 0x0000000111503a90 code [0x0000000111503ca0, 0x0000000111504578]
Event: 6.588 Thread 0x00007fe2eb050000 1733  s    3       java.io.BufferedInputStream::read (113 bytes)
Event: 6.589 Thread 0x00007fe2eb050000 nmethod 1733 0x0000000111502b90 code [0x0000000111502d80, 0x00000001115036f8]
Event: 6.589 Thread 0x00007fe2eb050000 1734       3       java.io.DataInputStream::readLong (128 bytes)
Event: 6.589 Thread 0x00007fe2eb050000 nmethod 1734 0x0000000111518910 code [0x0000000111518aa0, 0x0000000111518e48]
Event: 6.589 Thread 0x00007fe2eb050000 1735       3       com.google.common.io.CountingInputStream::read (33 bytes)
Event: 6.590 Thread 0x00007fe2eb050000 nmethod 1735 0x0000000111519010 code [0x0000000111519180, 0x00000001115193e8]
Event: 6.590 Thread 0x00007fe2eb050000 1737       3       org.gradle.cache.internal.btree.BlockPointer::<init> (10 bytes)
Event: 6.590 Thread 0x00007fe2eb050000 nmethod 1737 0x00000001115194d0 code [0x0000000111519640, 0x00000001115197f0]

GC Heap History (10 events):
Event: 2.552 GC heap before
{Heap before GC invocations=2 (full 0):
 PSYoungGen      total 38400K, used 38212K [0x0000000795580000, 0x0000000798000000, 0x00000007c0000000)
  eden space 33280K, 100% used [0x0000000795580000,0x0000000797600000,0x0000000797600000)
  from space 5120K, 96% used [0x0000000797600000,0x0000000797ad1208,0x0000000797b00000)
  to   space 5120K, 0% used [0x0000000797b00000,0x0000000797b00000,0x0000000798000000)
 ParOldGen       total 87552K, used 8K [0x0000000740000000, 0x0000000745580000, 0x0000000795580000)
  object space 87552K, 0% used [0x0000000740000000,0x0000000740002000,0x0000000745580000)
 Metaspace       used 11819K, capacity 12020K, committed 12288K, reserved 1060864K
  class space    used 1633K, capacity 1704K, committed 1792K, reserved 1048576K
Event: 2.569 GC heap after
Heap after GC invocations=2 (full 0):
 PSYoungGen      total 38400K, used 5107K [0x0000000795580000, 0x000000079a080000, 0x00000007c0000000)
  eden space 33280K, 0% used [0x0000000795580000,0x0000000795580000,0x0000000797600000)
  from space 5120K, 99% used [0x0000000797b00000,0x0000000797ffcc50,0x0000000798000000)
  to   space 5120K, 0% used [0x0000000797600000,0x0000000797600000,0x0000000797b00000)
 ParOldGen       total 87552K, used 1114K [0x0000000740000000, 0x0000000745580000, 0x0000000795580000)
  object space 87552K, 1% used [0x0000000740000000,0x0000000740116920,0x0000000745580000)
 Metaspace       used 11819K, capacity 12020K, committed 12288K, reserved 1060864K
  class space    used 1633K, capacity 1704K, committed 1792K, reserved 1048576K
}
Event: 3.978 GC heap before
{Heap before GC invocations=3 (full 0):
 PSYoungGen      total 38400K, used 38221K [0x0000000795580000, 0x000000079a080000, 0x00000007c0000000)
  eden space 33280K, 99% used [0x0000000795580000,0x00000007975d6b48,0x0000000797600000)
  from space 5120K, 99% used [0x0000000797b00000,0x0000000797ffcc50,0x0000000798000000)
  to   space 5120K, 0% used [0x0000000797600000,0x0000000797600000,0x0000000797b00000)
 ParOldGen       total 87552K, used 1114K [0x0000000740000000, 0x0000000745580000, 0x0000000795580000)
  object space 87552K, 1% used [0x0000000740000000,0x0000000740116920,0x0000000745580000)
 Metaspace       used 17011K, capacity 17274K, committed 17536K, reserved 1064960K
  class space    used 2333K, capacity 2410K, committed 2432K, reserved 1048576K
Event: 4.006 GC heap after
Heap after GC invocations=3 (full 0):
 PSYoungGen      total 38400K, used 5119K [0x0000000795580000, 0x000000079a080000, 0x00000007c0000000)
  eden space 33280K, 0% used [0x0000000795580000,0x0000000795580000,0x0000000797600000)
  from space 5120K, 99% used [0x0000000797600000,0x0000000797affc50,0x0000000797b00000)
  to   space 5120K, 0% used [0x0000000799b80000,0x0000000799b80000,0x000000079a080000)
 ParOldGen       total 87552K, used 5144K [0x0000000740000000, 0x0000000745580000, 0x0000000795580000)
  object space 87552K, 5% used [0x0000000740000000,0x0000000740506050,0x0000000745580000)
 Metaspace       used 17011K, capacity 17274K, committed 17536K, reserved 1064960K
  class space    used 2333K, capacity 2410K, committed 2432K, reserved 1048576K
}
Event: 5.374 GC heap before
{Heap before GC invocations=4 (full 0):
 PSYoungGen      total 38400K, used 38399K [0x0000000795580000, 0x000000079a080000, 0x00000007c0000000)
  eden space 33280K, 100% used [0x0000000795580000,0x0000000797600000,0x0000000797600000)
  from space 5120K, 99% used [0x0000000797600000,0x0000000797affc50,0x0000000797b00000)
  to   space 5120K, 0% used [0x0000000799b80000,0x0000000799b80000,0x000000079a080000)
 ParOldGen       total 87552K, used 5144K [0x0000000740000000, 0x0000000745580000, 0x0000000795580000)
  object space 87552K, 5% used [0x0000000740000000,0x0000000740506050,0x0000000745580000)
 Metaspace       used 20677K, capacity 20898K, committed 21120K, reserved 1067008K
  class space    used 2846K, capacity 2932K, committed 2944K, reserved 1048576K
Event: 5.393 GC heap after
Heap after GC invocations=4 (full 0):
 PSYoungGen      total 71680K, used 5088K [0x0000000795580000, 0x000000079a080000, 0x00000007c0000000)
  eden space 66560K, 0% used [0x0000000795580000,0x0000000795580000,0x0000000799680000)
  from space 5120K, 99% used [0x0000000799b80000,0x000000079a078050,0x000000079a080000)
  to   space 5120K, 0% used [0x0000000799680000,0x0000000799680000,0x0000000799b80000)
 ParOldGen       total 87552K, used 9112K [0x0000000740000000, 0x0000000745580000, 0x0000000795580000)
  object space 87552K, 10% used [0x0000000740000000,0x00000007408e6288,0x0000000745580000)
 Metaspace       used 20677K, capacity 20898K, committed 21120K, reserved 1067008K
  class space    used 2846K, capacity 2932K, committed 2944K, reserved 1048576K
}
Event: 5.456 GC heap before
{Heap before GC invocations=5 (full 0):
 PSYoungGen      total 71680K, used 9029K [0x0000000795580000, 0x000000079a080000, 0x00000007c0000000)
  eden space 66560K, 5% used [0x0000000795580000,0x0000000795959438,0x0000000799680000)
  from space 5120K, 99% used [0x0000000799b80000,0x000000079a078050,0x000000079a080000)
  to   space 5120K, 0% used [0x0000000799680000,0x0000000799680000,0x0000000799b80000)
 ParOldGen       total 87552K, used 9112K [0x0000000740000000, 0x0000000745580000, 0x0000000795580000)
  object space 87552K, 10% used [0x0000000740000000,0x00000007408e6288,0x0000000745580000)
 Metaspace       used 20845K, capacity 21058K, committed 21248K, reserved 1067008K
  class space    used 2878K, capacity 2964K, committed 3072K, reserved 1048576K
Event: 5.468 GC heap after
Heap after GC invocations=5 (full 0):
 PSYoungGen      total 71680K, used 5108K [0x0000000795580000, 0x000000079ec80000, 0x00000007c0000000)
  eden space 66560K, 0% used [0x0000000795580000,0x0000000795580000,0x0000000799680000)
  from space 5120K, 99% used [0x0000000799680000,0x0000000799b7d060,0x0000000799b80000)
  to   space 10752K, 0% used [0x000000079e200000,0x000000079e200000,0x000000079ec80000)
 ParOldGen       total 87552K, used 9384K [0x0000000740000000, 0x0000000745580000, 0x0000000795580000)
  object space 87552K, 10% used [0x0000000740000000,0x000000074092a0f0,0x0000000745580000)
 Metaspace       used 20845K, capacity 21058K, committed 21248K, reserved 1067008K
  class space    used 2878K, capacity 2964K, committed 3072K, reserved 1048576K
}
Event: 5.468 GC heap before
{Heap before GC invocations=6 (full 1):
 PSYoungGen      total 71680K, used 5108K [0x0000000795580000, 0x000000079ec80000, 0x00000007c0000000)
  eden space 66560K, 0% used [0x0000000795580000,0x0000000795580000,0x0000000799680000)
  from space 5120K, 99% used [0x0000000799680000,0x0000000799b7d060,0x0000000799b80000)
  to   space 10752K, 0% used [0x000000079e200000,0x000000079e200000,0x000000079ec80000)
 ParOldGen       total 87552K, used 9384K [0x0000000740000000, 0x0000000745580000, 0x0000000795580000)
  object space 87552K, 10% used [0x0000000740000000,0x000000074092a0f0,0x0000000745580000)
 Metaspace       used 20845K, capacity 21058K, committed 21248K, reserved 1067008K
  class space    used 2878K, capacity 2964K, committed 3072K, reserved 1048576K
Event: 5.524 GC heap after
Heap after GC invocations=6 (full 1):
 PSYoungGen      total 71680K, used 0K [0x0000000795580000, 0x000000079ec80000, 0x00000007c0000000)
  eden space 66560K, 0% used [0x0000000795580000,0x0000000795580000,0x0000000799680000)
  from space 5120K, 0% used [0x0000000799680000,0x0000000799680000,0x0000000799b80000)
  to   space 10752K, 0% used [0x000000079e200000,0x000000079e200000,0x000000079ec80000)
 ParOldGen       total 52736K, used 7541K [0x0000000740000000, 0x0000000743380000, 0x0000000795580000)
  object space 52736K, 14% used [0x0000000740000000,0x000000074075d6e0,0x0000000743380000)
 Metaspace       used 20845K, capacity 21058K, committed 21248K, reserved 1067008K
  class space    used 2878K, capacity 2964K, committed 3072K, reserved 1048576K
}

Deoptimization events (10 events):
Event: 5.249 Thread 0x00007fe2eb801000 Uncommon trap: reason=bimorphic action=maybe_recompile pc=0x00000001113deea0 method=org.codehaus.groovy.runtime.metaclass.MetaMethodIndex.addMethodToList(Ljava/lang/Object;Lgroovy/lang/MetaMethod;)Ljava/lang/Object; @ 126
Event: 5.249 Thread 0x00007fe2eb801000 Uncommon trap: reason=bimorphic action=maybe_recompile pc=0x00000001113deea0 method=org.codehaus.groovy.runtime.metaclass.MetaMethodIndex.addMethodToList(Ljava/lang/Object;Lgroovy/lang/MetaMethod;)Ljava/lang/Object; @ 126
Event: 5.730 Thread 0x00007fe2eb801000 Uncommon trap: reason=unstable_if action=reinterpret pc=0x00000001110dbc88 method=java.io.UnixFileSystem.resolve(Ljava/lang/String;Ljava/lang/String;)Ljava/lang/String; @ 18
Event: 5.763 Thread 0x00007fe2eb801000 Uncommon trap: reason=class_check action=maybe_recompile pc=0x0000000111450fec method=org.codehaus.groovy.runtime.metaclass.MetaMethodIndex.addMethodToList(Ljava/lang/Object;Lgroovy/lang/MetaMethod;)Ljava/lang/Object; @ 218
Event: 5.764 Thread 0x00007fe2eb801000 Uncommon trap: reason=class_check action=maybe_recompile pc=0x0000000111450fec method=org.codehaus.groovy.runtime.metaclass.MetaMethodIndex.addMethodToList(Ljava/lang/Object;Lgroovy/lang/MetaMethod;)Ljava/lang/Object; @ 218
Event: 5.764 Thread 0x00007fe2eb801000 Uncommon trap: reason=class_check action=maybe_recompile pc=0x0000000111450fec method=org.codehaus.groovy.runtime.metaclass.MetaMethodIndex.addMethodToList(Ljava/lang/Object;Lgroovy/lang/MetaMethod;)Ljava/lang/Object; @ 218
Event: 6.137 Thread 0x00007fe2eb801000 Uncommon trap: reason=bimorphic action=maybe_recompile pc=0x00000001113ffed8 method=java.io.DataOutputStream.writeByte(I)V @ 5
Event: 6.137 Thread 0x00007fe2eb801000 Uncommon trap: reason=bimorphic action=maybe_recompile pc=0x000000011123cbc0 method=java.io.DataOutputStream.write([BII)V @ 7
Event: 6.137 Thread 0x00007fe2eb801000 Uncommon trap: reason=bimorphic action=maybe_recompile pc=0x000000011123cbc0 method=java.io.DataOutputStream.write([BII)V @ 7
Event: 6.353 Thread 0x00007fe2eb801000 Uncommon trap: reason=unstable_if action=reinterpret pc=0x0000000111007aac method=java.net.URI.match(CJJ)Z @ 45

Internal exceptions (10 events):
Event: 5.776 Thread 0x00007fe2eb801000 Exception <a 'java/lang/ClassNotFoundException': org/gradle/api/internal/DefaultDomainObjectCollectionCustomizer> (0x0000000795ccdfc0) thrown at [/Users/java_re/workspace/8-2-build-macosx-x86_64/jdk8u131/8869/hotspot/src/share/vm/classfile/systemDictionar
Event: 5.780 Thread 0x00007fe2eb801000 Exception <a 'java/lang/ClassNotFoundException': org/gradle/api/internal/DefaultNamedDomainObjectCollectionCustomizer> (0x0000000795d19720) thrown at [/Users/java_re/workspace/8-2-build-macosx-x86_64/jdk8u131/8869/hotspot/src/share/vm/classfile/systemDict
Event: 5.785 Thread 0x00007fe2eb801000 Exception <a 'java/lang/ClassNotFoundException': org/gradle/api/internal/DefaultNamedDomainObjectListCustomizer> (0x0000000795d64648) thrown at [/Users/java_re/workspace/8-2-build-macosx-x86_64/jdk8u131/8869/hotspot/src/share/vm/classfile/systemDictionary
Event: 5.790 Thread 0x00007fe2eb801000 Exception <a 'java/lang/ClassNotFoundException': org/gradle/api/internal/artifacts/DefaultArtifactRepositoryContainerCustomizer> (0x0000000795db2d28) thrown at [/Users/java_re/workspace/8-2-build-macosx-x86_64/jdk8u131/8869/hotspot/src/share/vm/classfile/
Event: 5.793 Thread 0x00007fe2eb801000 Exception <a 'java/lang/ClassNotFoundException': org/gradle/api/internal/artifacts/dsl/DefaultRepositoryHandlerCustomizer> (0x0000000795df3e70) thrown at [/Users/java_re/workspace/8-2-build-macosx-x86_64/jdk8u131/8869/hotspot/src/share/vm/classfile/system
Event: 5.797 Thread 0x00007fe2eb801000 Exception <a 'java/lang/ClassNotFoundException': org/gradle/api/internal/artifacts/dsl/DefaultRepositoryHandler_DecoratedCustomizer> (0x0000000795e3bdf8) thrown at [/Users/java_re/workspace/8-2-build-macosx-x86_64/jdk8u131/8869/hotspot/src/share/vm/classf
Event: 6.066 Thread 0x00007fe2eb801000 Exception <a 'java/lang/ClassNotFoundException': org/gradle/api/internal/artifacts/dsl/dependencies/DefaultDependencyHandler_DecoratedBeanInfo> (0x0000000796a0ab60) thrown at [/Users/java_re/workspace/8-2-build-macosx-x86_64/jdk8u131/8869/hotspot/src/shar
Event: 6.067 Thread 0x00007fe2eb801000 Exception <a 'java/lang/ClassNotFoundException': org/gradle/api/internal/artifacts/dsl/dependencies/DefaultDependencyHandlerBeanInfo> (0x0000000796a35738) thrown at [/Users/java_re/workspace/8-2-build-macosx-x86_64/jdk8u131/8869/hotspot/src/share/vm/class
Event: 6.068 Thread 0x00007fe2eb801000 Exception <a 'java/lang/ClassNotFoundException': org/gradle/api/internal/artifacts/dsl/dependencies/DefaultDependencyHandlerCustomizer> (0x0000000796a60a70) thrown at [/Users/java_re/workspace/8-2-build-macosx-x86_64/jdk8u131/8869/hotspot/src/share/vm/cla
Event: 6.070 Thread 0x00007fe2eb801000 Exception <a 'java/lang/ClassNotFoundException': org/gradle/api/internal/artifacts/dsl/dependencies/DefaultDependencyHandler_DecoratedCustomizer> (0x0000000796a9fc08) thrown at [/Users/java_re/workspace/8-2-build-macosx-x86_64/jdk8u131/8869/hotspot/src/sh

Events (10 events):
Event: 6.601 loading class org/gradle/internal/io/ClassLoaderObjectInputStream
Event: 6.601 loading class org/gradle/internal/io/ClassLoaderObjectInputStream done
Event: 6.602 loading class java/io/ObjectInputStream$1
Event: 6.603 loading class sun/misc/JavaOISAccess
Event: 6.603 loading class sun/misc/JavaOISAccess done
Event: 6.603 loading class java/io/ObjectInputStream$1 done
Event: 6.604 loading class sun/misc/ObjectStreamClassValidator
Event: 6.604 loading class sun/misc/ObjectStreamClassValidator done
Event: 6.608 loading class sun/misc/JavaObjectInputStreamAccess
Event: 6.608 loading class sun/misc/JavaObjectInputStreamAccess done


Dynamic libraries:
0x00000000160b7000 	/System/Library/Frameworks/Cocoa.framework/Versions/A/Cocoa
0x00000000160b7000 	/System/Library/Frameworks/Security.framework/Versions/A/Security
0x00000000160b7000 	/System/Library/Frameworks/ApplicationServices.framework/Versions/A/ApplicationServices
0x00000000160b7000 	/usr/lib/libz.1.dylib
0x00000000160b7000 	/usr/lib/libSystem.B.dylib
0x00000000160b7000 	/usr/lib/libobjc.A.dylib
0x00000000160b7000 	/System/Library/Frameworks/CoreFoundation.framework/Versions/A/CoreFoundation
0x00000000160b7000 	/System/Library/Frameworks/Foundation.framework/Versions/C/Foundation
0x00000000160b7000 	/System/Library/Frameworks/AppKit.framework/Versions/C/AppKit
0x00000000160b7000 	/System/Library/Frameworks/CoreData.framework/Versions/A/CoreData
0x00000000160b7000 	/System/Library/PrivateFrameworks/RemoteViewServices.framework/Versions/A/RemoteViewServices
0x00000000160b7000 	/System/Library/PrivateFrameworks/UIFoundation.framework/Versions/A/UIFoundation
0x00000000160b7000 	/System/Library/PrivateFrameworks/XCTTargetBootstrap.framework/Versions/A/XCTTargetBootstrap
0x00000000160b7000 	/System/Library/PrivateFrameworks/IconServices.framework/Versions/A/IconServices
0x00000000160b7000 	/System/Library/Frameworks/Metal.framework/Versions/A/Metal
0x00000000160b7000 	/System/Library/PrivateFrameworks/DesktopServicesPriv.framework/Versions/A/DesktopServicesPriv
0x00000000160b7000 	/usr/lib/libenergytrace.dylib
0x00000000160b7000 	/System/Library/PrivateFrameworks/SkyLight.framework/Versions/A/SkyLight
0x00000000160b7000 	/System/Library/Frameworks/CoreGraphics.framework/Versions/A/CoreGraphics
0x00000000160b7000 	/System/Library/Frameworks/Accelerate.framework/Versions/A/Accelerate
0x00000000160b7000 	/System/Library/Frameworks/IOSurface.framework/Versions/A/IOSurface
0x00000000160b7000 	/System/Library/PrivateFrameworks/DFRFoundation.framework/Versions/A/DFRFoundation
0x00000000160b7000 	/System/Library/Frameworks/AudioToolbox.framework/Versions/A/AudioToolbox
0x00000000160b7000 	/System/Library/Frameworks/AudioUnit.framework/Versions/A/AudioUnit
0x00000000160b7000 	/System/Library/PrivateFrameworks/DataDetectorsCore.framework/Versions/A/DataDetectorsCore
0x00000000160b7000 	/System/Library/Frameworks/Carbon.framework/Versions/A/Frameworks/HIToolbox.framework/Versions/A/HIToolbox
0x00000000160b7000 	/usr/lib/libicucore.A.dylib
0x00000000160b7000 	/System/Library/Frameworks/QuartzCore.framework/Versions/A/QuartzCore
0x00000000160b7000 	/System/Library/Frameworks/Carbon.framework/Versions/A/Frameworks/SpeechRecognition.framework/Versions/A/SpeechRecognition
0x00000000160b7000 	/usr/lib/libauto.dylib
0x00000000160b7000 	/usr/lib/libxml2.2.dylib
0x00000000160b7000 	/System/Library/PrivateFrameworks/CoreUI.framework/Versions/A/CoreUI
0x00000000160b7000 	/System/Library/Frameworks/CoreAudio.framework/Versions/A/CoreAudio
0x00000000160b7000 	/System/Library/Frameworks/DiskArbitration.framework/Versions/A/DiskArbitration
0x00000000160b7000 	/usr/lib/liblangid.dylib
0x00000000160b7000 	/System/Library/PrivateFrameworks/MultitouchSupport.framework/Versions/A/MultitouchSupport
0x00000000160b7000 	/System/Library/Frameworks/IOKit.framework/Versions/A/IOKit
0x00000000160b7000 	/usr/lib/libDiagnosticMessagesClient.dylib
0x00000000160b7000 	/System/Library/Frameworks/CoreServices.framework/Versions/A/CoreServices
0x00000000160b7000 	/System/Library/PrivateFrameworks/PerformanceAnalysis.framework/Versions/A/PerformanceAnalysis
0x00000000160b7000 	/System/Library/Frameworks/OpenGL.framework/Versions/A/OpenGL
0x00000000160b7000 	/System/Library/Frameworks/ColorSync.framework/Versions/A/ColorSync
0x00000000160b7000 	/System/Library/Frameworks/CoreImage.framework/Versions/A/CoreImage
0x00000000160b7000 	/System/Library/Frameworks/CoreText.framework/Versions/A/CoreText
0x00000000160b7000 	/System/Library/Frameworks/ImageIO.framework/Versions/A/ImageIO
0x00000000160b7000 	/System/Library/PrivateFrameworks/Backup.framework/Versions/A/Backup
0x00000000160b7000 	/usr/lib/libarchive.2.dylib
0x00000000160b7000 	/System/Library/Frameworks/CFNetwork.framework/Versions/A/CFNetwork
0x00000000160b7000 	/System/Library/Frameworks/SystemConfiguration.framework/Versions/A/SystemConfiguration
0x00000000160b7000 	/usr/lib/libCRFSuite.dylib
0x00000000160b7000 	/usr/lib/libc++.1.dylib
0x00000000160b7000 	/usr/lib/libc++abi.dylib
0x00000000160b7000 	/usr/lib/system/libcache.dylib
0x00000000160b7000 	/usr/lib/system/libcommonCrypto.dylib
0x00000000160b7000 	/usr/lib/system/libcompiler_rt.dylib
0x00000000160b7000 	/usr/lib/system/libcopyfile.dylib
0x00000000160b7000 	/usr/lib/system/libcorecrypto.dylib
0x00000000160b7000 	/usr/lib/system/libdispatch.dylib
0x00000000160b7000 	/usr/lib/system/libdyld.dylib
0x00000000160b7000 	/usr/lib/system/libkeymgr.dylib
0x00000000160b7000 	/usr/lib/system/liblaunch.dylib
0x00000000160b7000 	/usr/lib/system/libmacho.dylib
0x00000000160b7000 	/usr/lib/system/libquarantine.dylib
0x00000000160b7000 	/usr/lib/system/libremovefile.dylib
0x00000000160b7000 	/usr/lib/system/libsystem_asl.dylib
0x00000000160b7000 	/usr/lib/system/libsystem_blocks.dylib
0x00000000160b7000 	/usr/lib/system/libsystem_c.dylib
0x00000000160b7000 	/usr/lib/system/libsystem_configuration.dylib
0x00000000160b7000 	/usr/lib/system/libsystem_coreservices.dylib
0x00000000160b7000 	/usr/lib/system/libsystem_darwin.dylib
0x00000000160b7000 	/usr/lib/system/libsystem_dnssd.dylib
0x00000000160b7000 	/usr/lib/system/libsystem_info.dylib
0x00000000160b7000 	/usr/lib/system/libsystem_m.dylib
0x00000000160b7000 	/usr/lib/system/libsystem_malloc.dylib
0x00000000160b7000 	/usr/lib/system/libsystem_networkextension.dylib
0x00000000160b7000 	/usr/lib/system/libsystem_notify.dylib
0x00000000160b7000 	/usr/lib/system/libsystem_sandbox.dylib
0x00000000160b7000 	/usr/lib/system/libsystem_secinit.dylib
0x00000000160b7000 	/usr/lib/system/libsystem_kernel.dylib
0x00000000160b7000 	/usr/lib/system/libsystem_platform.dylib
0x00000000160b7000 	/usr/lib/system/libsystem_pthread.dylib
0x00000000160b7000 	/usr/lib/system/libsystem_symptoms.dylib
0x00000000160b7000 	/usr/lib/system/libsystem_trace.dylib
0x00000000160b7000 	/usr/lib/system/libunwind.dylib
0x00000000160b7000 	/usr/lib/system/libxpc.dylib
0x00000000160b7000 	/usr/lib/libbsm.0.dylib
0x00000000160b7000 	/usr/lib/system/libkxld.dylib
0x00000000160b7000 	/System/Library/PrivateFrameworks/AppleFSCompression.framework/Versions/A/AppleFSCompression
0x00000000160b7000 	/usr/lib/libOpenScriptingUtil.dylib
0x00000000160b7000 	/usr/lib/libcoretls.dylib
0x00000000160b7000 	/usr/lib/libcoretls_cfhelpers.dylib
0x00000000160b7000 	/usr/lib/libpam.2.dylib
0x00000000160b7000 	/usr/lib/libsqlite3.dylib
0x00000000160b7000 	/usr/lib/libxar.1.dylib
0x00000000160b7000 	/usr/lib/libbz2.1.0.dylib
0x00000000160b7000 	/usr/lib/liblzma.5.dylib
0x00000000160b7000 	/usr/lib/libnetwork.dylib
0x00000000160b7000 	/usr/lib/libapple_nghttp2.dylib
0x00000000160b7000 	/usr/lib/libpcap.A.dylib
0x00000000160b7000 	/System/Library/Frameworks/CoreServices.framework/Versions/A/Frameworks/FSEvents.framework/Versions/A/FSEvents
0x00000000160b7000 	/System/Library/Frameworks/CoreServices.framework/Versions/A/Frameworks/CarbonCore.framework/Versions/A/CarbonCore
0x00000000160b7000 	/System/Library/Frameworks/CoreServices.framework/Versions/A/Frameworks/Metadata.framework/Versions/A/Metadata
0x00000000160b7000 	/System/Library/Frameworks/CoreServices.framework/Versions/A/Frameworks/OSServices.framework/Versions/A/OSServices
0x00000000160b7000 	/System/Library/Frameworks/CoreServices.framework/Versions/A/Frameworks/SearchKit.framework/Versions/A/SearchKit
0x00000000160b7000 	/System/Library/Frameworks/CoreServices.framework/Versions/A/Frameworks/AE.framework/Versions/A/AE
0x00000000160b7000 	/System/Library/Frameworks/CoreServices.framework/Versions/A/Frameworks/LaunchServices.framework/Versions/A/LaunchServices
0x00000000160b7000 	/System/Library/Frameworks/CoreServices.framework/Versions/A/Frameworks/DictionaryServices.framework/Versions/A/DictionaryServices
0x00000000160b7000 	/System/Library/Frameworks/CoreServices.framework/Versions/A/Frameworks/SharedFileList.framework/Versions/A/SharedFileList
0x00000000160b7000 	/System/Library/Frameworks/NetFS.framework/Versions/A/NetFS
0x00000000160b7000 	/System/Library/PrivateFrameworks/NetAuth.framework/Versions/A/NetAuth
0x00000000160b7000 	/System/Library/PrivateFrameworks/login.framework/Versions/A/Frameworks/loginsupport.framework/Versions/A/loginsupport
0x00000000160b7000 	/System/Library/PrivateFrameworks/TCC.framework/Versions/A/TCC
0x00000000160b7000 	/System/Library/PrivateFrameworks/CoreNLP.framework/Versions/A/CoreNLP
0x00000000160b7000 	/System/Library/PrivateFrameworks/MetadataUtilities.framework/Versions/A/MetadataUtilities
0x00000000160b7000 	/usr/lib/libmecabra.dylib
0x00000000160b7000 	/System/Library/Frameworks/ApplicationServices.framework/Versions/A/Frameworks/ATS.framework/Versions/A/ATS
0x00000000160b7000 	/System/Library/Frameworks/ApplicationServices.framework/Versions/A/Frameworks/ColorSyncLegacy.framework/Versions/A/ColorSyncLegacy
0x00000000160b7000 	/System/Library/Frameworks/ApplicationServices.framework/Versions/A/Frameworks/HIServices.framework/Versions/A/HIServices
0x00000000160b7000 	/System/Library/Frameworks/ApplicationServices.framework/Versions/A/Frameworks/LangAnalysis.framework/Versions/A/LangAnalysis
0x00000000160b7000 	/System/Library/Frameworks/ApplicationServices.framework/Versions/A/Frameworks/PrintCore.framework/Versions/A/PrintCore
0x00000000160b7000 	/System/Library/Frameworks/ApplicationServices.framework/Versions/A/Frameworks/QD.framework/Versions/A/QD
0x00000000160b7000 	/System/Library/Frameworks/ApplicationServices.framework/Versions/A/Frameworks/SpeechSynthesis.framework/Versions/A/SpeechSynthesis
0x00000000160b7000 	/usr/lib/libcompression.dylib
0x00000000160b7000 	/System/Library/Frameworks/CoreDisplay.framework/Versions/A/CoreDisplay
0x00000000160b7000 	/System/Library/Frameworks/MetalPerformanceShaders.framework/Versions/A/MetalPerformanceShaders
0x00000000160b7000 	/System/Library/Frameworks/Accelerate.framework/Versions/A/Frameworks/vImage.framework/Versions/A/vImage
0x00000000160b7000 	/System/Library/Frameworks/Accelerate.framework/Versions/A/Frameworks/vecLib.framework/Versions/A/vecLib
0x00000000160b7000 	/System/Library/Frameworks/Accelerate.framework/Versions/A/Frameworks/vecLib.framework/Versions/A/libvMisc.dylib
0x00000000160b7000 	/System/Library/Frameworks/Accelerate.framework/Versions/A/Frameworks/vecLib.framework/Versions/A/libvDSP.dylib
0x00000000160b7000 	/System/Library/Frameworks/Accelerate.framework/Versions/A/Frameworks/vecLib.framework/Versions/A/libBLAS.dylib
0x00000000160b7000 	/System/Library/Frameworks/Accelerate.framework/Versions/A/Frameworks/vecLib.framework/Versions/A/libLAPACK.dylib
0x00000000160b7000 	/System/Library/Frameworks/Accelerate.framework/Versions/A/Frameworks/vecLib.framework/Versions/A/libLinearAlgebra.dylib
0x00000000160b7000 	/System/Library/Frameworks/Accelerate.framework/Versions/A/Frameworks/vecLib.framework/Versions/A/libSparseBLAS.dylib
0x00000000160b7000 	/System/Library/Frameworks/Accelerate.framework/Versions/A/Frameworks/vecLib.framework/Versions/A/libQuadrature.dylib
0x00000000160b7000 	/System/Library/Frameworks/Accelerate.framework/Versions/A/Frameworks/vecLib.framework/Versions/A/libBNNS.dylib
0x00000000160b7000 	/System/Library/Frameworks/Accelerate.framework/Versions/A/Frameworks/vecLib.framework/Versions/A/libSparse.dylib
0x00000000160b7000 	/System/Library/PrivateFrameworks/GPUWrangler.framework/Versions/A/GPUWrangler
0x00000000160b7000 	/System/Library/PrivateFrameworks/IOAccelerator.framework/Versions/A/IOAccelerator
0x00000000160b7000 	/System/Library/PrivateFrameworks/IOPresentment.framework/Versions/A/IOPresentment
0x00000000160b7000 	/System/Library/PrivateFrameworks/DSExternalDisplay.framework/Versions/A/DSExternalDisplay
0x00000000160b7000 	/System/Library/Frameworks/OpenGL.framework/Versions/A/Libraries/libCoreFSCache.dylib
0x00000000160b7000 	/System/Library/Frameworks/MetalPerformanceShaders.framework/Frameworks/MPSCore.framework/Versions/A/MPSCore
0x00000000160b7000 	/System/Library/Frameworks/MetalPerformanceShaders.framework/Frameworks/MPSImage.framework/Versions/A/MPSImage
0x00000000160b7000 	/System/Library/Frameworks/MetalPerformanceShaders.framework/Frameworks/MPSNeuralNetwork.framework/Versions/A/MPSNeuralNetwork
0x00000000160b7000 	/System/Library/Frameworks/MetalPerformanceShaders.framework/Frameworks/MPSMatrix.framework/Versions/A/MPSMatrix
0x00000000160b7000 	/System/Library/Frameworks/MetalPerformanceShaders.framework/Frameworks/MPSRayIntersector.framework/Versions/A/MPSRayIntersector
0x00000000160b7000 	/System/Library/PrivateFrameworks/MetalTools.framework/Versions/A/MetalTools
0x00000000160b7000 	/System/Library/PrivateFrameworks/AggregateDictionary.framework/Versions/A/AggregateDictionary
0x00000000160b7000 	/usr/lib/libMobileGestalt.dylib
0x00000000160b7000 	/System/Library/Frameworks/CoreVideo.framework/Versions/A/CoreVideo
0x00000000160b7000 	/System/Library/PrivateFrameworks/GraphVisualizer.framework/Versions/A/GraphVisualizer
0x00000000160b7000 	/System/Library/PrivateFrameworks/FaceCore.framework/Versions/A/FaceCore
0x00000000160b7000 	/System/Library/Frameworks/OpenCL.framework/Versions/A/OpenCL
0x00000000160b7000 	/usr/lib/libFosl_dynamic.dylib
0x00000000160b7000 	/System/Library/PrivateFrameworks/OTSVG.framework/Versions/A/OTSVG
0x00000000160b7000 	/System/Library/Frameworks/ApplicationServices.framework/Versions/A/Frameworks/ATS.framework/Versions/A/Resources/libFontParser.dylib
0x00000000160b7000 	/System/Library/Frameworks/ApplicationServices.framework/Versions/A/Frameworks/ATS.framework/Versions/A/Resources/libFontRegistry.dylib
0x00000000160b7000 	/System/Library/Frameworks/ImageIO.framework/Versions/A/Resources/libJPEG.dylib
0x00000000160b7000 	/System/Library/Frameworks/ImageIO.framework/Versions/A/Resources/libTIFF.dylib
0x00000000160b7000 	/System/Library/Frameworks/ImageIO.framework/Versions/A/Resources/libPng.dylib
0x00000000160b7000 	/System/Library/Frameworks/ImageIO.framework/Versions/A/Resources/libGIF.dylib
0x00000000160b7000 	/System/Library/Frameworks/ImageIO.framework/Versions/A/Resources/libJP2.dylib
0x00000000160b7000 	/System/Library/Frameworks/ImageIO.framework/Versions/A/Resources/libRadiance.dylib
0x00000000160b7000 	/System/Library/PrivateFrameworks/AppleJPEG.framework/Versions/A/AppleJPEG
0x00000000160b7000 	/System/Library/Frameworks/OpenGL.framework/Versions/A/Libraries/libGFXShared.dylib
0x00000000160b7000 	/System/Library/Frameworks/OpenGL.framework/Versions/A/Libraries/libGLU.dylib
0x00000000160b7000 	/System/Library/Frameworks/OpenGL.framework/Versions/A/Libraries/libGL.dylib
0x00000000160b7000 	/System/Library/Frameworks/OpenGL.framework/Versions/A/Libraries/libGLImage.dylib
0x00000000160b7000 	/System/Library/Frameworks/OpenGL.framework/Versions/A/Libraries/libCVMSPluginSupport.dylib
0x00000000160b7000 	/System/Library/Frameworks/OpenGL.framework/Versions/A/Libraries/libCoreVMClient.dylib
0x00000000160b7000 	/usr/lib/libcups.2.dylib
0x00000000160b7000 	/System/Library/Frameworks/Kerberos.framework/Versions/A/Kerberos
0x00000000160b7000 	/System/Library/Frameworks/GSS.framework/Versions/A/GSS
0x00000000160b7000 	/usr/lib/libresolv.9.dylib
0x00000000160b7000 	/usr/lib/libiconv.2.dylib
0x00000000160b7000 	/System/Library/PrivateFrameworks/Heimdal.framework/Versions/A/Heimdal
0x00000000160b7000 	/usr/lib/libheimdal-asn1.dylib
0x00000000160b7000 	/System/Library/Frameworks/OpenDirectory.framework/Versions/A/OpenDirectory
0x00000000160b7000 	/System/Library/PrivateFrameworks/CommonAuth.framework/Versions/A/CommonAuth
0x00000000160b7000 	/System/Library/Frameworks/OpenDirectory.framework/Versions/A/Frameworks/CFOpenDirectory.framework/Versions/A/CFOpenDirectory
0x00000000160b7000 	/System/Library/Frameworks/SecurityFoundation.framework/Versions/A/SecurityFoundation
0x00000000160b7000 	/System/Library/PrivateFrameworks/APFS.framework/Versions/A/APFS
0x00000000160b7000 	/usr/lib/libutil.dylib
0x00000000160b7000 	/usr/lib/libcharset.1.dylib
0x00000000160b7000 	/System/Library/PrivateFrameworks/AppleSauce.framework/Versions/A/AppleSauce
0x00000000160b7000 	/System/Library/PrivateFrameworks/AssertionServices.framework/Versions/A/AssertionServices
0x00000000160b7000 	/System/Library/PrivateFrameworks/BaseBoard.framework/Versions/A/BaseBoard
0x00000000160b7000 	/usr/lib/libmecab.1.0.0.dylib
0x00000000160b7000 	/usr/lib/libgermantok.dylib
0x00000000160b7000 	/usr/lib/libThaiTokenizer.dylib
0x00000000160b7000 	/usr/lib/libChineseTokenizer.dylib
0x00000000160b7000 	/System/Library/PrivateFrameworks/LanguageModeling.framework/Versions/A/LanguageModeling
0x00000000160b7000 	/System/Library/PrivateFrameworks/CoreEmoji.framework/Versions/A/CoreEmoji
0x00000000160b7000 	/System/Library/PrivateFrameworks/Lexicon.framework/Versions/A/Lexicon
0x00000000160b7000 	/System/Library/PrivateFrameworks/LinguisticData.framework/Versions/A/LinguisticData
0x00000000160b7000 	/usr/lib/libcmph.dylib
0x00000000160b7000 	/System/Library/Frameworks/ServiceManagement.framework/Versions/A/ServiceManagement
0x00000000160b7000 	/System/Library/PrivateFrameworks/BackgroundTaskManagement.framework/Versions/A/BackgroundTaskManagement
0x00000000160b7000 	/usr/lib/libxslt.1.dylib
0x00000000160b7000 	/System/Library/Frameworks/Carbon.framework/Versions/A/Frameworks/Ink.framework/Versions/A/Ink
0x00000000160b7000 	/System/Library/PrivateFrameworks/TextureIO.framework/Versions/A/TextureIO
0x00000000160b7000 	/usr/lib/libate.dylib
0x00000000160b7000 	/System/Library/PrivateFrameworks/CrashReporterSupport.framework/Versions/A/CrashReporterSupport
0x00000000160b7000 	/System/Library/PrivateFrameworks/Sharing.framework/Versions/A/Sharing
0x00000000160b7000 	/System/Library/PrivateFrameworks/AuthKit.framework/Versions/A/AuthKit
0x00000000160b7000 	/System/Library/PrivateFrameworks/Apple80211.framework/Versions/A/Apple80211
0x00000000160b7000 	/System/Library/PrivateFrameworks/CoreUtils.framework/Versions/A/CoreUtils
0x00000000160b7000 	/System/Library/Frameworks/CoreWLAN.framework/Versions/A/CoreWLAN
0x00000000160b7000 	/System/Library/Frameworks/IOBluetooth.framework/Versions/A/IOBluetooth
0x00000000160b7000 	/System/Library/PrivateFrameworks/ProtocolBuffer.framework/Versions/A/ProtocolBuffer
0x00000000160b7000 	/System/Library/PrivateFrameworks/MobileKeyBag.framework/Versions/A/MobileKeyBag
0x00000000160b7000 	/System/Library/PrivateFrameworks/CorePhoneNumbers.framework/Versions/A/CorePhoneNumbers
0x00000000160b7000 	/System/Library/PrivateFrameworks/AppleIDAuthSupport.framework/Versions/A/AppleIDAuthSupport
0x00000000160b7000 	/System/Library/PrivateFrameworks/KeychainCircle.framework/Versions/A/KeychainCircle
0x00000000160b7000 	/System/Library/PrivateFrameworks/ROCKit.framework/Versions/A/ROCKit
0x00000000160b7000 	/System/Library/PrivateFrameworks/CoreWiFi.framework/Versions/A/CoreWiFi
0x00000000160b7000 	/System/Library/Frameworks/CoreBluetooth.framework/Versions/A/CoreBluetooth
0x00000000160b7000 	/System/Library/PrivateFrameworks/DebugSymbols.framework/Versions/A/DebugSymbols
0x00000000160b7000 	/System/Library/PrivateFrameworks/CoreSymbolication.framework/Versions/A/CoreSymbolication
0x00000000160b7000 	/System/Library/PrivateFrameworks/Symbolication.framework/Versions/A/Symbolication
0x00000000160b7000 	/System/Library/PrivateFrameworks/SpeechRecognitionCore.framework/Versions/A/SpeechRecognitionCore
0x000000010b200000 	/Library/Java/JavaVirtualMachines/jdk1.8.0_131.jdk/Contents/Home/jre/lib/server/libjvm.dylib
0x00000000160b7000 	/usr/lib/libstdc++.6.dylib
0x000000010a110000 	/Library/Java/JavaVirtualMachines/jdk1.8.0_131.jdk/Contents/Home/jre/lib/libverify.dylib
0x000000010a11e000 	/Library/Java/JavaVirtualMachines/jdk1.8.0_131.jdk/Contents/Home/jre/lib/libjava.dylib
0x000000010a19d000 	/Library/Java/JavaVirtualMachines/jdk1.8.0_131.jdk/Contents/Home/jre/lib/libzip.dylib
0x00000000160b7000 	/System/Library/Frameworks/JavaVM.framework/Versions/A/Frameworks/JavaRuntimeSupport.framework/Versions/A/JavaRuntimeSupport
0x00000000160b7000 	/System/Library/Frameworks/JavaVM.framework/Versions/A/Frameworks/JavaNativeFoundation.framework/Versions/A/JavaNativeFoundation
0x00000000160b7000 	/System/Library/Frameworks/JavaVM.framework/Versions/A/JavaVM
0x00000000160b7000 	/System/Library/Frameworks/Carbon.framework/Versions/A/Carbon
0x00000000160b7000 	/System/Library/PrivateFrameworks/JavaLaunching.framework/Versions/A/JavaLaunching
0x00000000160b7000 	/System/Library/Frameworks/Carbon.framework/Versions/A/Frameworks/CommonPanels.framework/Versions/A/CommonPanels
0x00000000160b7000 	/System/Library/Frameworks/Carbon.framework/Versions/A/Frameworks/Help.framework/Versions/A/Help
0x00000000160b7000 	/System/Library/Frameworks/Carbon.framework/Versions/A/Frameworks/ImageCapture.framework/Versions/A/ImageCapture
0x00000000160b7000 	/System/Library/Frameworks/Carbon.framework/Versions/A/Frameworks/OpenScripting.framework/Versions/A/OpenScripting
0x00000000160b7000 	/System/Library/Frameworks/Carbon.framework/Versions/A/Frameworks/Print.framework/Versions/A/Print
0x00000000160b7000 	/System/Library/Frameworks/Carbon.framework/Versions/A/Frameworks/SecurityHI.framework/Versions/A/SecurityHI
0x0000000124210000 	/Library/Java/JavaVirtualMachines/jdk1.8.0_131.jdk/Contents/Home/jre/lib/libnet.dylib
0x000000012426f000 	/Library/Java/JavaVirtualMachines/jdk1.8.0_131.jdk/Contents/Home/jre/lib/libnio.dylib
0x00000001246f0000 	/Users/dat/.gradle/native/19/osx-amd64/libnative-platform.dylib
0x00000001246f5000 	/Users/dat/.gradle/native/19/osx-amd64/libnative-platform-curses.dylib
0x00000000160b7000 	/usr/lib/libncurses.5.4.dylib
0x00000001246f9000 	/private/var/folders/d1/d8w9q3_d68g66b52v587t30c0000gn/T/jna3453868762906267562.tmp
0x000000012470e000 	/Library/Java/JavaVirtualMachines/jdk1.8.0_131.jdk/Contents/Home/jre/lib/libmanagement.dylib

VM Arguments:
jvm_args: -Dorg.gradle.appname=gradlew 
java_command: org.gradle.wrapper.GradleWrapperMain installDebug
java_class_path (initial): /Users/dat/Documents/Projects/android/hospital/android/gradle/wrapper/gradle-wrapper.jar
Launcher Type: SUN_STANDARD

Environment Variables:
PATH=Users/dat/Downloads/mongodb-osx-x86_64-enterprise-3.2.18/bin:/Users/dat/Library/Python/3.7/bin:/Users/dat/.local/bin:/usr/local/bin:/usr/bin:/bin:/usr/sbin:/sbin:/Users/dat/Library/Python/3.7/bin:/Users/dat/.local/bin:/Users/dat/.rvm/bin
SHELL=/bin/zsh

Signal Handlers:
SIGSEGV: [libjvm.dylib+0x5b1eb1], sa_mask[0]=11111111011111110111111111111111, sa_flags=SA_ONSTACK|SA_RESTART|SA_SIGINFO
SIGBUS: [libjvm.dylib+0x5b1eb1], sa_mask[0]=11111111011111110111111111111111, sa_flags=SA_RESTART|SA_SIGINFO
SIGFPE: [libjvm.dylib+0x488988], sa_mask[0]=11111111011111110111111111111111, sa_flags=SA_RESTART|SA_SIGINFO
SIGPIPE: [libjvm.dylib+0x488988], sa_mask[0]=11111111011111110111111111111111, sa_flags=SA_RESTART|SA_SIGINFO
SIGXFSZ: [libjvm.dylib+0x488988], sa_mask[0]=11111111011111110111111111111111, sa_flags=SA_RESTART|SA_SIGINFO
SIGILL: [libjvm.dylib+0x488988], sa_mask[0]=11111111011111110111111111111111, sa_flags=SA_RESTART|SA_SIGINFO
SIGUSR1: SIG_DFL, sa_mask[0]=00000000000000000000000000000000, sa_flags=SA_RESTART
SIGUSR2: [libjvm.dylib+0x4884a6], sa_mask[0]=00000000000000000000000000000000, sa_flags=SA_RESTART|SA_SIGINFO
SIGHUP: [libjvm.dylib+0x486a7d], sa_mask[0]=11111111011111110111111111111111, sa_flags=SA_RESTART|SA_SIGINFO
SIGINT: [libjvm.dylib+0x486a7d], sa_mask[0]=11111111011111110111111111111111, sa_flags=SA_RESTART|SA_SIGINFO
SIGTERM: [libjvm.dylib+0x486a7d], sa_mask[0]=11111111011111110111111111111111, sa_flags=SA_RESTART|SA_SIGINFO
SIGQUIT: [libjvm.dylib+0x486a7d], sa_mask[0]=11111111011111110111111111111111, sa_flags=SA_RESTART|SA_SIGINFO


---------------  S Y S T E M  ---------------

OS:Bsduname:Darwin 18.0.0 Darwin Kernel Version 18.0.0: Wed Aug 22 20:13:40 PDT 2018; root:xnu-4903.201.2~1/RELEASE_X86_64 x86_64
rlimit: STACK 8192k, CORE 0k, NPROC 709, NOFILE 10240, AS infinity
load average:9.26 8.49 6.98

CPU:total 8 (initial active 8) (4 cores per cpu, 2 threads per core) family 6 model 58 stepping 9, cmov, cx8, fxsr, mmx, sse, sse2, sse3, ssse3, sse4.1, sse4.2, popcnt, avx, aes, clmul, erms, ht, tsc, tscinvbit, tscinv

Memory: 4k page, physical 8388608k(48404k free)

/proc/meminfo:


vm_info: Java HotSpot(TM) 64-Bit Server VM (25.131-b11) for bsd-amd64 JRE (1.8.0_131-b11), built on Mar 15 2017 01:32:22 by "java_re" with gcc 4.2.1 (Based on Apple Inc. build 5658) (LLVM build 2336.11.00)

time: Fri Oct  5 18:46:40 2018
elapsed time: 6 seconds (0d 0h 0m 6s)

